<?xml version="1.0" encoding="utf-8"?><testsuites name="pytest tests"><testsuite name="pytest" errors="0" failures="0" skipped="0" tests="7" time="1.466" timestamp="2026-03-25T00:36:48.603654+00:00" hostname="agent-env-1b37a88c-c038-4506-9a1e-cd061f014e13"><testcase classname="backend.tests.test_proxy_endpoints" name="test_ping" time="0.146" /><testcase classname="backend.tests.test_proxy_endpoints" name="test_api_root" time="0.118" /><testcase classname="backend.tests.test_proxy_endpoints" name="test_gamma_markets" time="0.339" /><testcase classname="backend.tests.test_proxy_endpoints" name="test_clob_time" time="0.345" /><testcase classname="backend.tests.test_proxy_endpoints" name="test_polygon_rpc" time="0.276" /><testcase classname="backend.tests.test_proxy_endpoints" name="test_unknown_proxy_service" time="0.122" /><testcase classname="backend.tests.test_proxy_endpoints" name="test_proxy_options_preflight" time="0.066" /></testsuite></testsuites>