<?xml version="1.0" encoding="utf-8"?><testsuites name="pytest tests"><testsuite name="pytest" errors="0" failures="0" skipped="0" tests="5" time="1.329" timestamp="2026-03-24T22:19:46.361464+00:00" hostname="agent-env-1b37a88c-c038-4506-9a1e-cd061f014e13"><testcase classname="backend.tests.test_proxy_endpoints" name="test_ping" time="0.233" /><testcase classname="backend.tests.test_proxy_endpoints" name="test_gamma_markets" time="0.369" /><testcase classname="backend.tests.test_proxy_endpoints" name="test_clob_time" time="0.299" /><testcase classname="backend.tests.test_proxy_endpoints" name="test_polygon_rpc" time="0.244" /><testcase classname="backend.tests.test_proxy_endpoints" name="test_unknown_proxy_service" time="0.121" /></testsuite></testsuites>